000003d5 a DATA_REGISTER_PORT
00000000 a DESC_AVL
00cf9800 a DESC_CODE_HIGH4
00cf9200 a DESC_DATA_HIGH4
00000000 a DESC_DPL_0
00002000 a DESC_DPL_1
00004000 a DESC_DPL_2
00006000 a DESC_DPL_3
00400000 a DESC_D_32
00800000 a DESC_G_4K
00000000 a DESC_L
000f0000 a DESC_LIMIT_CODE2
000f0000 a DESC_LIMIT_DATA2
00000000 a DESC_LIMIT_VIDEO2
00008000 a DESC_P
00001000 a DESC_S_CODE
00001000 a DESC_S_DATA
00000000 a DESC_S_sys
00000800 a DESC_TYPE_CODE
00000200 a DESC_TYPE_DATA
00c0920b a DESC_VIDEO_HIGH4
000003d4 a INDEX_REGISTER_PORT
00070000 a KERNEL_BIN_BASE_ADDR
c0001500 a KERNEL_ENTRY_POINT
00000009 a KERNEL_STATE_SECTOR
00000900 a LOADER_BASE_ADDR
0000000e a OPT_SCREEN_INDEX_HIGH_8
0000000f a OPT_SCREEN_INDEX_LOW_8
00100000 a PAGE_TABLE_DIR_POS
00000001 a PG_P
00000000 a PG_RW_R
00000001 a PG_RW_W
00000000 a PG_US_S
00000004 a PG_US_U
00000001 a PT_LOAD
00000000 a PT_NULL
00000000 a RPL0
00000001 a RPL1
00000002 a RPL2
00000003 a RPL3
00000018 a SELECTOR_VIDEO
00000000 a TI_GDT
00000004 a TI_LDT
c000590e B __bss_start
c0004864 r __func__.1346
c000485d r __func__.1405
c0004856 r __func__.1422
c000484f r __func__.1446
c0004848 r __func__.1481
c0004841 r __func__.1497
c000483a r __func__.1516
c0004833 r __func__.1539
c000482b r __func__.1557
c0004824 r __func__.1576
c000481c r __func__.1597
c0004810 r __func__.1615
c0004804 r __func__.1642
c00047f9 r __func__.1696
c00047ea r __func__.1840
c00047de r __func__.1881
c00047d1 r __func__.1962
c00047c0 r __func__.1986
c00047b7 r __func__.2001
c00047aa r __func__.2031
c000479b r __func__.2047
c0004791 r __func__.2180
c0004784 r __func__.2230
c000590e D _edata
c0005c54 B _end
c000234c T bitmap_scan
c000230a T bitmap_scan_test
c000249a T bitmap_set
c00015b8 T clear_screen
c000343a T console_aquire
c0003426 T console_init
c0005924 b console_lock
c0003462 T console_log
c000347f T console_log_int
c000344e T console_release
c00031ea T debug_list
c00031aa T elem_find
c0001a9c T exception_init
c0001b91 t frequency_set
c0001a81 t general_intr_handler
c0002a6b T get_kernel_pages
c0005aa0 B idt
c0001907 t idt_desc_init
c0001a28 T idt_init
c0005bc0 B idt_table
c000185e T inb
c0001539 T init_all
c00022b9 T init_bitmap
c00026ed T init_memory
c0002559 T init_memory_pool
c0002b3d T init_thread
c000187f T insw
c000397c t intr_0X10_entry
c0003998 t intr_0X11_entry
c00039cf t intr_0X13_entry
c00039eb t intr_0X14_entry
c0003a23 t intr_0X16_entry
c0003a3f t intr_0X17_entry
c0003a5b t intr_0X18_entry
c0003a77 t intr_0X19_entry
c0003a93 t intr_0X1A_entry
c0003aaf t intr_0X1B_entry
c0003acb t intr_0X1C_entry
c0003ae7 t intr_0X1D_entry
c0003b03 t intr_0X1E_entry
c0003b1e t intr_0X1F_entry
c00037e7 t intr_0X1_entry
c0003b3a t intr_0X20_entry
c0003800 t intr_0X2_entry
c0003832 t intr_0X4_entry
c000384e t intr_0X5_entry
c0003886 t intr_0X7_entry
c00038a2 t intr_0X8_entry
c00038d9 t intr_0XA_entry
c00038f4 t intr_0XB_entry
c000390f t intr_0XC_entry
c000392a t intr_0XD_entry
c0003945 t intr_0XE_entry
c0003960 t intr_0XF_entry
c00037ce t intr_0x0_entry
c00039b3 t intr_0x12_entry
c0003a07 t intr_0x15_entry
c0003819 t intr_0x3_entry
c000386a t intr_0x6_entry
c00038bd t intr_0x9_entry
c0001d31 T intr_disable
c0001d09 T intr_enable
c000588a D intr_entry_table
c00037c0 T intr_exit
c0001d73 T intr_get_status
c0005a00 B intr_name
c0001d59 T intr_set_status
c0005878 d intr_str
c0001c29 t intr_timer_handler
c0001569 T k_thread_a
c0005c44 B kernel_pool
c0002aaf t kernel_thread
c0005bac B kernel_vaddr
c0003076 T list_append
c00030e8 T list_empty
c0002fe2 T list_init
c000300f T list_insert_before
c0003071 T list_iterate
c0003116 T list_len
c00030c9 T list_pop
c0003054 T list_push
c0003093 T list_remove
c000314d T list_traversal
c0003381 T lock_aquire
c0003259 T lock_init
c00033cc T lock_release
c0001500 T main
c0005ba8 B main_thread
c00034ae T make_gdt_desc
c00018c5 t make_idt_desc
c0002cd1 t make_main_thread
c00029a1 T malloc_page
c0001f28 T memcmp
c0001e9a T memcpy
c0001e3b T memset
c000180c T outb
c000182a T outsw
c0002867 T page_table_add
c000280b T palloc
c0001d96 T panic_spin
c00027ef T pde_ptr
c000194c t pic_init
c000167d T print_dec
c000172e T print_format
c00015f2 T print_num
c0001582 T print_str
c00017ed T println
c00027be T pte_ptr
c00036b0 T put_char
c0003750 t put_char.cls
c00036e9 t put_char.is_backspace
c0003719 t put_char.is_carriage_return
c0003729 t put_char.is_carriage_return_end
c0003719 t put_char.is_line_feed
c0003732 t put_char.is_line_feed_end
c000377b t put_char.put_char_done
c00036ff t put_char.put_other
c0003734 t put_char.roll_screen
c000375f t put_char.set_cursor
c000379c T put_str
c00037a4 t put_str.continue_put_char
c00037b7 t put_str.str_over
c00018b3 t register_interrupt
c0002cbe T running_thread
c0002d95 T schedule
c000328a T sema_down
c0003234 T sema_init
c0003327 T sema_up
c00021e1 T strcat
c000211c T strchr
c0002252 T strchrs
c00020a1 T strcmp
c0001fe4 T strcpy
c0002047 T strlen
c000217c T strrchr
c0003b56 T switch_to
c00059cc B thread_all_list
c0002ebe T thread_block
c0002ac7 T thread_create
c0002d58 T thread_init
c0005940 B thread_ready_list
c0002bc4 T thread_start
c0005bb8 B thread_tag
c0002f25 T thread_unblock
c0005920 B ticks
c0001ca9 T timer_init
c000377d T to_top_left
c0005960 B tss
c000353b T tss_init
c000349c T update_tss_esp
c00059dc B user_pool
c0002739 t vaddr_get
